jewelsStar2/build/outputs/logs/manifest-merger-debug-report.txt
-- Merging decision tree log ---
manifest
ADDED from src/main/AndroidManifest.xml:2:1-98:12
INJECTED from src/main/AndroidManifest.xml:2:1-98:12
INJECTED from src/main/AndroidManifest.xml:2:1-98:12
INJECTED from src/main/AndroidManifest.xml:2:1-98:12
MERGED from [:swarmConnect] AndroidManifest.xml:2:1-30:12
MERGED from [com.android.support:appcompat-v7:26.0.0] AndroidManifest.xml:17:1-31:12
MERGED from [com.android.support.constraint:constraint-layout:1.1.3] AndroidManifest.xml:2:1-11:12
MERGED from [com.android.support:animated-vector-drawable:26.0.0] AndroidManifest.xml:17:1-28:12
MERGED from [com.android.support:support-vector-drawable:26.0.0] AndroidManifest.xml:17:1-28:12
MERGED from [com.android.support:support-v4:26.0.0] AndroidManifest.xml:17:1-31:12
MERGED from [com.android.support:support-media-compat:26.0.0] AndroidManifest.xml:17:1-31:12
MERGED from [com.android.support:support-fragment:26.0.0] AndroidManifest.xml:17:1-31:12
MERGED from [com.android.support:support-core-utils:26.0.0] AndroidManifest.xml:17:1-31:12
MERGED from [com.android.support:support-core-ui:26.0.0] AndroidManifest.xml:17:1-31:12
MERGED from [com.android.support:support-compat:26.0.0] AndroidManifest.xml:17:1-31:12
INJECTED from src/main/AndroidManifest.xml:2:1-98:12
INJECTED from src/main/AndroidManifest.xml:2:1-98:12
INJECTED from src/main/AndroidManifest.xml:2:1-98:12
	package
		ADDED from src/main/AndroidManifest.xml:3:5-29
		INJECTED from src/main/AndroidManifest.xml
		INJECTED from src/main/AndroidManifest.xml
	android:versionName
		ADDED from src/main/AndroidManifest.xml:5:5-30
		INJECTED from src/main/AndroidManifest.xml
		INJECTED from src/main/AndroidManifest.xml
	xmlns:android
		ADDED from src/main/AndroidManifest.xml:2:11-69
	android:versionCode
		ADDED from src/main/AndroidManifest.xml:4:5-28
		INJECTED from src/main/AndroidManifest.xml
		INJECTED from src/main/AndroidManifest.xml
supports-screens
ADDED from src/main/AndroidManifest.xml:7:5-12:40
	android:largeScreens
		ADDED from src/main/AndroidManifest.xml:9:9-36
	android:smallScreens
		ADDED from src/main/AndroidManifest.xml:11:9-37
	android:normalScreens
		ADDED from src/main/AndroidManifest.xml:10:9-37
	android:xlargeScreens
		ADDED from src/main/AndroidManifest.xml:12:9-37
	android:anyDensity
		ADDED from src/main/AndroidManifest.xml:8:9-34
uses-permission#android.permission.WAKE_LOCK
ADDED from src/main/AndroidManifest.xml:14:5-68
	android:name
		ADDED from src/main/AndroidManifest.xml:14:22-65
uses-permission#android.permission.INTERNET
ADDED from src/main/AndroidManifest.xml:15:5-67
MERGED from [:swarmConnect] AndroidManifest.xml:9:5-67
MERGED from [:swarmConnect] AndroidManifest.xml:9:5-67
	android:name
		ADDED from src/main/AndroidManifest.xml:15:22-64
uses-permission#android.permission.ACCESS_NETWORK_STATE
ADDED from src/main/AndroidManifest.xml:16:5-79
MERGED from [:swarmConnect] AndroidManifest.xml:10:5-79
MERGED from [:swarmConnect] AndroidManifest.xml:10:5-79
	android:name
		ADDED from src/main/AndroidManifest.xml:16:22-76
uses-permission#android.permission.ACCESS_WIFI_STATE
ADDED from src/main/AndroidManifest.xml:17:5-76
	android:name
		ADDED from src/main/AndroidManifest.xml:17:22-73
uses-permission#android.permission.READ_PHONE_STATE
ADDED from src/main/AndroidManifest.xml:18:5-75
MERGED from [:swarmConnect] AndroidManifest.xml:14:5-75
MERGED from [:swarmConnect] AndroidManifest.xml:14:5-75
	android:name
		ADDED from src/main/AndroidManifest.xml:18:22-72
application
ADDED from src/main/AndroidManifest.xml:20:5-96:19
MERGED from [:swarmConnect] AndroidManifest.xml:16:5-28:19
MERGED from [:swarmConnect] AndroidManifest.xml:16:5-28:19
MERGED from [com.android.support:appcompat-v7:26.0.0] AndroidManifest.xml:25:5-29:19
MERGED from [com.android.support:appcompat-v7:26.0.0] AndroidManifest.xml:25:5-29:19
MERGED from [com.android.support.constraint:constraint-layout:1.1.3] AndroidManifest.xml:9:5-20
MERGED from [com.android.support.constraint:constraint-layout:1.1.3] AndroidManifest.xml:9:5-20
MERGED from [com.android.support:animated-vector-drawable:26.0.0] AndroidManifest.xml:22:5-26:19
MERGED from [com.android.support:animated-vector-drawable:26.0.0] AndroidManifest.xml:22:5-26:19
MERGED from [com.android.support:support-vector-drawable:26.0.0] AndroidManifest.xml:22:5-26:19
MERGED from [com.android.support:support-vector-drawable:26.0.0] AndroidManifest.xml:22:5-26:19
MERGED from [com.android.support:support-v4:26.0.0] AndroidManifest.xml:25:5-29:19
MERGED from [com.android.support:support-v4:26.0.0] AndroidManifest.xml:25:5-29:19
MERGED from [com.android.support:support-media-compat:26.0.0] AndroidManifest.xml:25:5-29:19
MERGED from [com.android.support:support-media-compat:26.0.0] AndroidManifest.xml:25:5-29:19
MERGED from [com.android.support:support-fragment:26.0.0] AndroidManifest.xml:25:5-29:19
MERGED from [com.android.support:support-fragment:26.0.0] AndroidManifest.xml:25:5-29:19
MERGED from [com.android.support:support-core-utils:26.0.0] AndroidManifest.xml:25:5-29:19
MERGED from [com.android.support:support-core-utils:26.0.0] AndroidManifest.xml:25:5-29:19
MERGED from [com.android.support:support-core-ui:26.0.0] AndroidManifest.xml:25:5-29:19
MERGED from [com.android.support:support-core-ui:26.0.0] AndroidManifest.xml:25:5-29:19
MERGED from [com.android.support:support-compat:26.0.0] AndroidManifest.xml:25:5-29:19
MERGED from [com.android.support:support-compat:26.0.0] AndroidManifest.xml:25:5-29:19
	android:label
		ADDED from src/main/AndroidManifest.xml:23:9-41
	android:icon
		ADDED from src/main/AndroidManifest.xml:22:9-45
	android:allowBackup
		ADDED from src/main/AndroidManifest.xml:21:9-35
	android:theme
		ADDED from src/main/AndroidManifest.xml:24:9-40
activity#com.fruitjewel.SplashActivity
ADDED from src/main/AndroidManifest.xml:25:9-36:20
	android:screenOrientation
		ADDED from src/main/AndroidManifest.xml:30:13-49
	android:label
		ADDED from src/main/AndroidManifest.xml:28:13-45
	android:configChanges
		ADDED from src/main/AndroidManifest.xml:27:13-63
	android:theme
		ADDED from src/main/AndroidManifest.xml:29:13-45
	android:name
		ADDED from src/main/AndroidManifest.xml:26:13-57
intent-filter#action:name:android.intent.action.MAIN+category:name:android.intent.category.LAUNCHER
ADDED from src/main/AndroidManifest.xml:31:13-35:29
action#android.intent.action.MAIN
ADDED from src/main/AndroidManifest.xml:32:17-68
	android:name
		ADDED from src/main/AndroidManifest.xml:32:25-66
category#android.intent.category.LAUNCHER
ADDED from src/main/AndroidManifest.xml:34:17-76
	android:name
		ADDED from src/main/AndroidManifest.xml:34:27-74
activity#com.fruitjewel.Menu
ADDED from src/main/AndroidManifest.xml:37:9-46:20
	android:label
		ADDED from src/main/AndroidManifest.xml:39:13-45
	android:name
		ADDED from src/main/AndroidManifest.xml:38:13-47
intent-filter#action:name:com.fruitjewel.MENU+category:name:android.intent.category.DEFAULT
ADDED from src/main/AndroidManifest.xml:40:13-45:29
action#com.fruitjewel.MENU
ADDED from src/main/AndroidManifest.xml:42:17-61
	android:name
		ADDED from src/main/AndroidManifest.xml:42:25-59
category#android.intent.category.DEFAULT
ADDED from src/main/AndroidManifest.xml:44:17-76
	android:name
		ADDED from src/main/AndroidManifest.xml:44:27-73
activity#com.fruitjewel.JewelsClassic
ADDED from src/main/AndroidManifest.xml:47:9-51
	android:name
		ADDED from src/main/AndroidManifest.xml:47:19-48
activity#com.fruitjewel.JewelsArcade
ADDED from src/main/AndroidManifest.xml:48:9-50
	android:name
		ADDED from src/main/AndroidManifest.xml:48:19-47
activity#com.fruitjewel.NextLevel
ADDED from src/main/AndroidManifest.xml:49:9-47
	android:name
		ADDED from src/main/AndroidManifest.xml:49:19-44
activity#com.fruitjewel.LockLevels
ADDED from src/main/AndroidManifest.xml:50:9-48
	android:name
		ADDED from src/main/AndroidManifest.xml:50:19-45
activity#com.google.ads.AdActivity
ADDED from src/main/AndroidManifest.xml:51:9-54:74
	android:configChanges
		ADDED from src/main/AndroidManifest.xml:53:13-122
	android:theme
		ADDED from src/main/AndroidManifest.xml:54:13-71
	android:name
		ADDED from src/main/AndroidManifest.xml:52:13-53
activity#com.swarmconnect.SwarmMainActivity
ADDED from src/main/AndroidManifest.xml:55:9-61:57
MERGED from [:swarmConnect] AndroidManifest.xml:17:9-23:57
MERGED from [:swarmConnect] AndroidManifest.xml:17:9-23:57
	android:screenOrientation
		ADDED from src/main/AndroidManifest.xml:59:13-49
	android:label
		ADDED from src/main/AndroidManifest.xml:58:13-34
	android:windowSoftInputMode
		ADDED from src/main/AndroidManifest.xml:61:13-54
	android:configChanges
		ADDED from src/main/AndroidManifest.xml:57:13-63
	android:theme
		ADDED from src/main/AndroidManifest.xml:60:13-45
	android:name
		ADDED from src/main/AndroidManifest.xml:56:13-62
activity#com.appbrain.AppBrainActivity
ADDED from src/main/AndroidManifest.xml:62:9-64:125
	android:configChanges
		ADDED from src/main/AndroidManifest.xml:64:13-122
	android:name
		ADDED from src/main/AndroidManifest.xml:63:13-57
service#com.appbrain.AppBrainService
ADDED from src/main/AndroidManifest.xml:66:9-64
	android:name
		ADDED from src/main/AndroidManifest.xml:66:18-61
receiver#com.appbrain.ReferrerReceiver
ADDED from src/main/AndroidManifest.xml:68:9-74:20
	android:exported
		ADDED from src/main/AndroidManifest.xml:70:13-36
	android:name
		ADDED from src/main/AndroidManifest.xml:69:13-57
intent-filter#action:name:com.android.vending.INSTALL_REFERRER
ADDED from src/main/AndroidManifest.xml:71:13-73:29
action#com.android.vending.INSTALL_REFERRER
ADDED from src/main/AndroidManifest.xml:72:17-79
	android:name
		ADDED from src/main/AndroidManifest.xml:72:25-76
activity#com.startapp.android.eula.EULAActivity
ADDED from src/main/AndroidManifest.xml:76:9-79:64
	android:configChanges
		ADDED from src/main/AndroidManifest.xml:78:13-72
	android:theme
		ADDED from src/main/AndroidManifest.xml:79:13-61
	android:name
		ADDED from src/main/AndroidManifest.xml:77:13-66
activity#com.startapp.android.publish.list3d.List3DActivity
ADDED from src/main/AndroidManifest.xml:80:9-83:52
	android:theme
		ADDED from src/main/AndroidManifest.xml:83:13-49
	android:taskAffinity
		ADDED from src/main/AndroidManifest.xml:82:13-58
	android:name
		ADDED from src/main/AndroidManifest.xml:81:13-78
activity#com.startapp.android.publish.AppWallActivity
ADDED from src/main/AndroidManifest.xml:84:9-88:64
	android:configChanges
		ADDED from src/main/AndroidManifest.xml:86:13-63
	android:theme
		ADDED from src/main/AndroidManifest.xml:88:13-61
	android:taskAffinity
		ADDED from src/main/AndroidManifest.xml:87:13-58
	android:name
		ADDED from src/main/AndroidManifest.xml:85:13-72
meta-data#com.startapp.android.DEV_ID
ADDED from src/main/AndroidManifest.xml:90:9-92:41
	android:value
		ADDED from src/main/AndroidManifest.xml:92:13-38
	android:name
		ADDED from src/main/AndroidManifest.xml:91:13-55
meta-data#com.startapp.android.APP_ID
ADDED from src/main/AndroidManifest.xml:93:9-95:41
	android:value
		ADDED from src/main/AndroidManifest.xml:95:13-38
	android:name
		ADDED from src/main/AndroidManifest.xml:94:13-55
uses-sdk
INJECTED from src/main/AndroidManifest.xml reason: use-sdk injection requested
INJECTED from src/main/AndroidManifest.xml
INJECTED from src/main/AndroidManifest.xml
MERGED from [:swarmConnect] AndroidManifest.xml:5:5-7:41
MERGED from [:swarmConnect] AndroidManifest.xml:5:5-7:41
MERGED from [com.android.support:appcompat-v7:26.0.0] AndroidManifest.xml:21:5-23:78
MERGED from [com.android.support:appcompat-v7:26.0.0] AndroidManifest.xml:21:5-23:78
MERGED from [com.android.support.constraint:constraint-layout:1.1.3] AndroidManifest.xml:5:5-7:41
MERGED from [com.android.support.constraint:constraint-layout:1.1.3] AndroidManifest.xml:5:5-7:41
MERGED from [com.android.support:animated-vector-drawable:26.0.0] AndroidManifest.xml:20:5-44
MERGED from [com.android.support:animated-vector-drawable:26.0.0] AndroidManifest.xml:20:5-44
MERGED from [com.android.support:support-vector-drawable:26.0.0] AndroidManifest.xml:20:5-44
MERGED from [com.android.support:support-vector-drawable:26.0.0] AndroidManifest.xml:20:5-44
MERGED from [com.android.support:support-v4:26.0.0] AndroidManifest.xml:21:5-23:54
MERGED from [com.android.support:support-v4:26.0.0] AndroidManifest.xml:21:5-23:54
MERGED from [com.android.support:support-media-compat:26.0.0] AndroidManifest.xml:21:5-23:63
MERGED from [com.android.support:support-media-compat:26.0.0] AndroidManifest.xml:21:5-23:63
MERGED from [com.android.support:support-fragment:26.0.0] AndroidManifest.xml:21:5-23:60
MERGED from [com.android.support:support-fragment:26.0.0] AndroidManifest.xml:21:5-23:60
MERGED from [com.android.support:support-core-utils:26.0.0] AndroidManifest.xml:21:5-23:61
MERGED from [com.android.support:support-core-utils:26.0.0] AndroidManifest.xml:21:5-23:61
MERGED from [com.android.support:support-core-ui:26.0.0] AndroidManifest.xml:21:5-23:58
MERGED from [com.android.support:support-core-ui:26.0.0] AndroidManifest.xml:21:5-23:58
MERGED from [com.android.support:support-compat:26.0.0] AndroidManifest.xml:21:5-23:58
MERGED from [com.android.support:support-compat:26.0.0] AndroidManifest.xml:21:5-23:58
INJECTED from src/main/AndroidManifest.xml
INJECTED from src/main/AndroidManifest.xml
	tools:overrideLibrary
		ADDED from [com.android.support:appcompat-v7:26.0.0] AndroidManifest.xml:23:9-75
	android:targetSdkVersion
		INJECTED from src/main/AndroidManifest.xml
		ADDED from src/main/AndroidManifest.xml
		INJECTED from src/main/AndroidManifest.xml
	android:minSdkVersion
		INJECTED from src/main/AndroidManifest.xml
		ADDED from src/main/AndroidManifest.xml
		INJECTED from src/main/AndroidManifest.xml
uses-permission#android.permission.ACCESS_COARSE_LOCATION
ADDED from [:swarmConnect] AndroidManifest.xml:11:5-81
	android:name
		ADDED from [:swarmConnect] AndroidManifest.xml:11:22-78
service#com.swarmconnect.NotificationService
ADDED from [:swarmConnect] AndroidManifest.xml:25:9-27:40
	android:process
		ADDED from [:swarmConnect] AndroidManifest.xml:27:13-37
	android:name
		ADDED from [:swarmConnect] AndroidManifest.xml:26:13-64
meta-data#android.support.VERSION
ADDED from [com.android.support:appcompat-v7:26.0.0] AndroidManifest.xml:26:9-28:38
MERGED from [com.android.support:animated-vector-drawable:26.0.0] AndroidManifest.xml:23:9-25:38
MERGED from [com.android.support:animated-vector-drawable:26.0.0] AndroidManifest.xml:23:9-25:38
MERGED from [com.android.support:support-vector-drawable:26.0.0] AndroidManifest.xml:23:9-25:38
MERGED from [com.android.support:support-vector-drawable:26.0.0] AndroidManifest.xml:23:9-25:38
MERGED from [com.android.support:support-v4:26.0.0] AndroidManifest.xml:26:9-28:38
MERGED from [com.android.support:support-v4:26.0.0] AndroidManifest.xml:26:9-28:38
MERGED from [com.android.support:support-media-compat:26.0.0] AndroidManifest.xml:26:9-28:38
MERGED from [com.android.support:support-media-compat:26.0.0] AndroidManifest.xml:26:9-28:38
MERGED from [com.android.support:support-fragment:26.0.0] AndroidManifest.xml:26:9-28:38
MERGED from [com.android.support:support-fragment:26.0.0] AndroidManifest.xml:26:9-28:38
MERGED from [com.android.support:support-core-utils:26.0.0] AndroidManifest.xml:26:9-28:38
MERGED from [com.android.support:support-core-utils:26.0.0] AndroidManifest.xml:26:9-28:38
MERGED from [com.android.support:support-core-ui:26.0.0] AndroidManifest.xml:26:9-28:38
MERGED from [com.android.support:support-core-ui:26.0.0] AndroidManifest.xml:26:9-28:38
MERGED from [com.android.support:support-compat:26.0.0] AndroidManifest.xml:26:9-28:38
MERGED from [com.android.support:support-compat:26.0.0] AndroidManifest.xml:26:9-28:38
	android:value
		ADDED from [com.android.support:appcompat-v7:26.0.0] AndroidManifest.xml:28:13-35
	android:name
		ADDED from [com.android.support:appcompat-v7:26.0.0] AndroidManifest.xml:27:13-51